<?xml version="1.0" encoding="UTF-8" ?>
<testsuites>
  <testsuite errors="0" failures="1" hostname="wanglei" id="0" name="MyStringUtilsTest" package="test" skipped="0" tests="3" time="0.049" timestamp="2018-01-07T14:46:54">
      <properties>
[...]
</properties>

      <testcase classname="test.MyStringUtilsTest" name="testToDelimitedString" time="0.007">
          <failure message="expected:&lt;7&gt; but was:&lt;3&gt;" type="junit.framework.AssertionFailedError">junit.framework.AssertionFailedError: expected:&lt;7&gt; but was:&lt;3&gt;
	at test.MyStringUtilsTest.testToDelimitedString(MyStringUtilsTest.java:51)
</failure>

      </testcase>

      <testcase classname="test.MyStringUtilsTest" name="teststartsWithIgnoreCase" time="0.001" />

      <testcase classname="test.MyStringUtilsTest" name="testTokenizeToStringArray" time="0.0" />

      <system-out><![CDATA[]]></system-out>

      <system-err><![CDATA[]]></system-err>

  </testsuite>
</testsuites>
