<?xml version="1.0" encoding="UTF-8" ?>
<testsuite errors="1" failures="0" hostname="wanglei" name="test.MyStringUtilsTest" skipped="0" tests="1" time="0.043" timestamp="2018-01-07T17:22:52">
  <properties>
[...]
</properties>
  <testcase classname="test.MyStringUtilsTest" name="initializationError" time="0.004">
    <error message="No runnable methods" type="java.lang.Exception">java.lang.Exception: No runnable methods
	at java.lang.reflect.Constructor.newInstance(Unknown Source)
</error>
  </testcase>
  <system-out><![CDATA[]]></system-out>
  <system-err><![CDATA[]]></system-err>
</testsuite>
